2024-03-09 00:54:18,393 [Worker-2: Loading available Gradle versions] INFO  o.e.b.c.i.u.g.PublishedGradleVersions - Gradle version information cache is up-to-date. Trying to read.
2024-03-09 00:54:48,044 [Worker-11: Importing Maven projects] INFO  o.e.m.c.i.l.LifecycleMappingFactory - Using org.eclipse.m2e.jdt.JarLifecycleMapping lifecycle mapping for MavenProject: com.fitnessApp.user:UserService:0.0.1-SNAPSHOT @ H:\java development\fitnessApp\UserService\UserService\pom.xml.
2024-03-09 00:54:51,993 [DefaultMetadataResolver-0-1] INFO  o.e.m.c.i.e.AbstractTransferListenerAdapter - Downloaded https://repo1.maven.org/maven2/com/fitnessApp/activity/ActivityService/0.0.1-SNAPSHOT/maven-metadata.xml
2024-03-09 00:54:52,090 [DefaultMetadataResolver-0-0] INFO  o.e.m.c.i.e.AbstractTransferListenerAdapter - Downloaded https://oss.jfrog.org/artifactory/oss-snapshot-local/com/fitnessApp/activity/ActivityService/0.0.1-SNAPSHOT/maven-metadata.xml
2024-03-09 00:54:52,346 [DefaultMetadataResolver-0-3] INFO  o.e.m.c.i.e.AbstractTransferListenerAdapter - Downloaded https://artifactory.sick.com:443/artifactory/gbc05-gus-rpc-pa-product-maven-local/com/fitnessApp/activity/ActivityService/0.0.1-SNAPSHOT/maven-metadata.xml
2024-03-09 00:54:52,511 [DefaultMetadataResolver-0-2] INFO  o.e.m.c.i.e.AbstractTransferListenerAdapter - Downloaded https://artifactory.sick.com:443/artifactory/gbc05-gus-rpc-bip-snapshots-maven-local/com/fitnessApp/activity/ActivityService/0.0.1-SNAPSHOT/maven-metadata.xml
2024-03-09 00:54:53,152 [DefaultMetadataResolver-0-1] INFO  o.e.m.c.i.e.AbstractTransferListenerAdapter - Downloaded https://artifactory.sick.com:443/artifactory/gbc05-gus-rpc-bip-releases-maven-local/com/fitnessApp/activity/ActivityService/0.0.1-SNAPSHOT/maven-metadata.xml
2024-03-09 00:54:53,431 [Worker-11: Importing Maven projects] INFO  o.e.m.c.i.e.AbstractTransferListenerAdapter - Downloaded https://oss.jfrog.org/artifactory/oss-snapshot-local/com/fitnessApp/activity/ActivityService/0.0.1-SNAPSHOT/ActivityService-0.0.1-SNAPSHOT.pom
2024-03-09 00:54:53,721 [Worker-11: Importing Maven projects] INFO  o.e.m.c.i.e.AbstractTransferListenerAdapter - Downloaded https://repo1.maven.org/maven2/com/fitnessApp/activity/ActivityService/0.0.1-SNAPSHOT/ActivityService-0.0.1-SNAPSHOT.pom
2024-03-09 00:54:53,930 [Worker-11: Importing Maven projects] INFO  o.e.m.c.i.e.AbstractTransferListenerAdapter - Downloaded https://artifactory.sick.com:443/artifactory/gbc05-gus-rpc-bip-snapshots-maven-local/com/fitnessApp/activity/ActivityService/0.0.1-SNAPSHOT/ActivityService-0.0.1-SNAPSHOT.pom
2024-03-09 00:54:54,107 [Worker-11: Importing Maven projects] INFO  o.e.m.c.i.e.AbstractTransferListenerAdapter - Downloaded https://artifactory.sick.com:443/artifactory/gbc05-gus-rpc-pa-product-maven-local/com/fitnessApp/activity/ActivityService/0.0.1-SNAPSHOT/ActivityService-0.0.1-SNAPSHOT.pom
2024-03-09 00:54:54,320 [Worker-11: Importing Maven projects] INFO  o.e.m.c.i.e.AbstractTransferListenerAdapter - Downloaded https://artifactory.sick.com:443/artifactory/gbc05-gus-rpc-bip-releases-maven-local/com/fitnessApp/activity/ActivityService/0.0.1-SNAPSHOT/ActivityService-0.0.1-SNAPSHOT.pom
2024-03-09 00:54:58,944 [Worker-11: Importing Maven projects] INFO  o.e.m.j.i.AbstractJavaProjectConfigurator - Adding source folder /UserService/src/main/java
2024-03-09 00:54:58,944 [Worker-11: Importing Maven projects] INFO  o.e.m.j.i.AbstractJavaProjectConfigurator - Adding resource folder /UserService/src/main/resources
2024-03-09 00:54:58,945 [Worker-11: Importing Maven projects] INFO  o.e.m.j.i.AbstractJavaProjectConfigurator - Adding resource folder /UserService/src/main/resources
2024-03-09 00:54:58,945 [Worker-11: Importing Maven projects] INFO  o.e.m.j.i.AbstractJavaProjectConfigurator - Adding source folder /UserService/src/test/java
2024-03-09 00:54:59,181 [Worker-11: Importing Maven projects] INFO  o.e.m.c.i.p.ProjectConfigurationManager - Imported and configured 1 project(s) in 14 sec
2024-03-09 00:54:59,448 [Worker-7: Updating Maven Project] INFO  o.e.m.c.i.p.ProjectConfigurationManager - Update started
2024-03-09 00:55:00,194 [Worker-7: Updating Maven Project] INFO  o.e.m.c.i.l.LifecycleMappingFactory - Using org.eclipse.m2e.jdt.JarLifecycleMapping lifecycle mapping for MavenProject: com.fitnessApp.user:UserService:0.0.1-SNAPSHOT @ H:\java development\fitnessApp\UserService\UserService\pom.xml.
2024-03-09 00:55:00,900 [Worker-7: Updating Maven Project] INFO  o.e.m.j.i.AbstractJavaProjectConfigurator - Adding source folder /UserService/src/main/java
2024-03-09 00:55:00,900 [Worker-7: Updating Maven Project] INFO  o.e.m.j.i.AbstractJavaProjectConfigurator - Adding resource folder /UserService/src/main/resources
2024-03-09 00:55:00,900 [Worker-7: Updating Maven Project] INFO  o.e.m.j.i.AbstractJavaProjectConfigurator - Adding resource folder /UserService/src/main/resources
2024-03-09 00:55:00,901 [Worker-7: Updating Maven Project] INFO  o.e.m.j.i.AbstractJavaProjectConfigurator - Adding source folder /UserService/src/test/java
2024-03-09 00:55:01,316 [Worker-7: Updating Maven Project] INFO  o.e.m.c.i.p.ProjectConfigurationManager - Update completed for 1 poms: local refresh takes 0.00 sec, refresh facades takes 1.00 sec, update config takes 0.00 sec 
2024-03-09 00:55:01,369 [Worker-13: Download sources and javadoc] INFO  o.e.m.c.i.e.AbstractTransferListenerAdapter - Downloaded https://oss.jfrog.org/artifactory/oss-snapshot-local/com/fitnessApp/activity/ActivityService/0.0.1-SNAPSHOT/ActivityService-0.0.1-SNAPSHOT-sources.jar
2024-03-09 00:55:02,251 [Worker-13: Download sources and javadoc] INFO  o.e.m.c.i.e.AbstractTransferListenerAdapter - Downloaded https://repo1.maven.org/maven2/com/fitnessApp/activity/ActivityService/0.0.1-SNAPSHOT/ActivityService-0.0.1-SNAPSHOT-sources.jar
2024-03-09 00:55:03,340 [Worker-13: Download sources and javadoc] INFO  o.e.m.c.i.e.AbstractTransferListenerAdapter - Downloaded https://artifactory.sick.com:443/artifactory/gbc05-gus-rpc-bip-snapshots-maven-local/com/fitnessApp/activity/ActivityService/0.0.1-SNAPSHOT/ActivityService-0.0.1-SNAPSHOT-sources.jar
2024-03-09 00:55:04,326 [Worker-13: Download sources and javadoc] INFO  o.e.m.c.i.e.AbstractTransferListenerAdapter - Downloaded https://artifactory.sick.com:443/artifactory/gbc05-gus-rpc-pa-product-maven-local/com/fitnessApp/activity/ActivityService/0.0.1-SNAPSHOT/ActivityService-0.0.1-SNAPSHOT-sources.jar
2024-03-09 00:55:05,515 [Worker-13: Download sources and javadoc] INFO  o.e.m.c.i.e.AbstractTransferListenerAdapter - Downloaded https://artifactory.sick.com:443/artifactory/gbc05-gus-rpc-bip-releases-maven-local/com/fitnessApp/activity/ActivityService/0.0.1-SNAPSHOT/ActivityService-0.0.1-SNAPSHOT-sources.jar
2024-03-09 00:55:05,521 [Worker-13: Download sources and javadoc] ERROR o.e.m.j.internal.DownloadSourcesJob - Could not download sources for com.fitnessApp.activity:ActivityService:0.0.1-SNAPSHOT
org.eclipse.core.runtime.CoreException: Could not resolve artifact com.fitnessApp.activity:ActivityService:jar:sources:0.0.1-SNAPSHOT
	at org.eclipse.m2e.core.internal.embedder.MavenImpl.lambda$6(MavenImpl.java:587)
	at org.eclipse.m2e.core.internal.embedder.MavenExecutionContext.executeBare(MavenExecutionContext.java:364)
	at org.eclipse.m2e.core.internal.embedder.MavenExecutionContext.execute(MavenExecutionContext.java:227)
	at org.eclipse.m2e.core.internal.embedder.MavenExecutionContext.execute(MavenExecutionContext.java:213)
	at org.eclipse.m2e.core.internal.embedder.MavenImpl.resolve(MavenImpl.java:556)
	at org.eclipse.m2e.core.internal.embedder.MavenImpl.resolve(MavenImpl.java:541)
	at org.eclipse.m2e.jdt.internal.DownloadSourcesJob.download(DownloadSourcesJob.java:308)
	at org.eclipse.m2e.jdt.internal.DownloadSourcesJob.downloadAttachments(DownloadSourcesJob.java:282)
	at org.eclipse.m2e.jdt.internal.DownloadSourcesJob.downloadMaven(DownloadSourcesJob.java:252)
	at org.eclipse.m2e.jdt.internal.DownloadSourcesJob.downloadFilesAndPopulateToUpdate(DownloadSourcesJob.java:220)
	at org.eclipse.m2e.jdt.internal.DownloadSourcesJob.lambda$0(DownloadSourcesJob.java:149)
	at org.eclipse.m2e.core.internal.embedder.MavenExecutionContext.executeBare(MavenExecutionContext.java:364)
	at org.eclipse.m2e.core.internal.embedder.MavenExecutionContext.execute(MavenExecutionContext.java:274)
	at org.eclipse.m2e.core.internal.embedder.MavenExecutionContext.execute(MavenExecutionContext.java:213)
	at org.eclipse.m2e.core.embedder.IMaven.execute(IMaven.java:294)
	at org.eclipse.m2e.jdt.internal.DownloadSourcesJob.run(DownloadSourcesJob.java:149)
	at org.eclipse.core.internal.jobs.Worker.run(Worker.java:63)
2024-03-09 00:57:23,970 [Worker-6: Download sources and javadoc] INFO  o.e.m.c.i.e.AbstractTransferListenerAdapter - Downloaded https://oss.jfrog.org/artifactory/oss-snapshot-local/com/fitnessApp/activity/ActivityService/0.0.1-SNAPSHOT/ActivityService-0.0.1-SNAPSHOT-javadoc.jar
2024-03-09 00:57:24,933 [Worker-6: Download sources and javadoc] INFO  o.e.m.c.i.e.AbstractTransferListenerAdapter - Downloaded https://repo1.maven.org/maven2/com/fitnessApp/activity/ActivityService/0.0.1-SNAPSHOT/ActivityService-0.0.1-SNAPSHOT-javadoc.jar
2024-03-09 00:57:26,244 [Worker-6: Download sources and javadoc] INFO  o.e.m.c.i.e.AbstractTransferListenerAdapter - Downloaded https://artifactory.sick.com:443/artifactory/gbc05-gus-rpc-bip-snapshots-maven-local/com/fitnessApp/activity/ActivityService/0.0.1-SNAPSHOT/ActivityService-0.0.1-SNAPSHOT-javadoc.jar
2024-03-09 00:57:27,363 [Worker-6: Download sources and javadoc] INFO  o.e.m.c.i.e.AbstractTransferListenerAdapter - Downloaded https://artifactory.sick.com:443/artifactory/gbc05-gus-rpc-pa-product-maven-local/com/fitnessApp/activity/ActivityService/0.0.1-SNAPSHOT/ActivityService-0.0.1-SNAPSHOT-javadoc.jar
2024-03-09 00:57:28,486 [Worker-6: Download sources and javadoc] INFO  o.e.m.c.i.e.AbstractTransferListenerAdapter - Downloaded https://artifactory.sick.com:443/artifactory/gbc05-gus-rpc-bip-releases-maven-local/com/fitnessApp/activity/ActivityService/0.0.1-SNAPSHOT/ActivityService-0.0.1-SNAPSHOT-javadoc.jar
2024-03-09 00:57:28,491 [Worker-6: Download sources and javadoc] ERROR o.e.m.j.internal.DownloadSourcesJob - Could not download javadoc for com.fitnessApp.activity:ActivityService:0.0.1-SNAPSHOT
org.eclipse.core.runtime.CoreException: Could not resolve artifact com.fitnessApp.activity:ActivityService:jar:javadoc:0.0.1-SNAPSHOT
	at org.eclipse.m2e.core.internal.embedder.MavenImpl.lambda$6(MavenImpl.java:587)
	at org.eclipse.m2e.core.internal.embedder.MavenExecutionContext.executeBare(MavenExecutionContext.java:364)
	at org.eclipse.m2e.core.internal.embedder.MavenExecutionContext.execute(MavenExecutionContext.java:227)
	at org.eclipse.m2e.core.internal.embedder.MavenExecutionContext.execute(MavenExecutionContext.java:213)
	at org.eclipse.m2e.core.internal.embedder.MavenImpl.resolve(MavenImpl.java:556)
	at org.eclipse.m2e.core.internal.embedder.MavenImpl.resolve(MavenImpl.java:541)
	at org.eclipse.m2e.jdt.internal.DownloadSourcesJob.download(DownloadSourcesJob.java:308)
	at org.eclipse.m2e.jdt.internal.DownloadSourcesJob.downloadAttachments(DownloadSourcesJob.java:294)
	at org.eclipse.m2e.jdt.internal.DownloadSourcesJob.downloadMaven(DownloadSourcesJob.java:252)
	at org.eclipse.m2e.jdt.internal.DownloadSourcesJob.downloadFilesAndPopulateToUpdate(DownloadSourcesJob.java:220)
	at org.eclipse.m2e.jdt.internal.DownloadSourcesJob.lambda$0(DownloadSourcesJob.java:149)
	at org.eclipse.m2e.core.internal.embedder.MavenExecutionContext.executeBare(MavenExecutionContext.java:364)
	at org.eclipse.m2e.core.internal.embedder.MavenExecutionContext.execute(MavenExecutionContext.java:274)
	at org.eclipse.m2e.core.internal.embedder.MavenExecutionContext.execute(MavenExecutionContext.java:213)
	at org.eclipse.m2e.core.embedder.IMaven.execute(IMaven.java:294)
	at org.eclipse.m2e.jdt.internal.DownloadSourcesJob.run(DownloadSourcesJob.java:149)
	at org.eclipse.core.internal.jobs.Worker.run(Worker.java:63)
